SF:/Users/kaiquefarias/Documents/projects/eLivre/lib/features/fb2/utils/parse_fb2_book.dart
DA:21,3
DA:22,12
DA:23,0
DA:24,0
DA:25,0
DA:26,0
DA:31,3
DA:35,0
DA:36,0
DA:40,1
DA:41,4
DA:42,0
DA:43,0
DA:44,0
DA:45,0
DA:50,1
DA:53,3
DA:54,3
DA:55,3
DA:56,9
DA:60,3
DA:61,6
DA:62,3
DA:66,3
DA:68,9
DA:70,3
DA:71,3
DA:72,9
DA:73,3
DA:74,3
DA:75,3
DA:77,3
DA:78,3
DA:82,6
DA:83,3
DA:86,3
DA:87,3
DA:89,3
DA:95,3
DA:96,3
DA:97,3
DA:109,1
DA:114,1
DA:115,1
DA:119,0
DA:120,0
DA:126,1
DA:127,1
DA:132,1
DA:133,2
DA:135,1
DA:136,1
DA:137,1
DA:139,1
DA:141,1
DA:144,1
DA:145,0
DA:154,1
DA:160,1
DA:161,2
DA:164,3
DA:165,2
DA:168,5
DA:172,1
DA:175,1
DA:176,2
DA:179,1
DA:180,2
DA:183,1
DA:184,2
DA:187,2
DA:188,1
DA:189,2
DA:192,1
DA:193,2
DA:196,2
DA:204,1
DA:205,1
DA:206,2
DA:207,3
DA:208,1
DA:210,2
DA:211,10
DA:212,0
DA:214,4
DA:215,1
DA:216,10
DA:217,0
DA:219,4
DA:220,1
DA:221,2
DA:222,2
DA:223,2
DA:228,0
DA:245,1
DA:246,1
DA:247,5
DA:248,2
DA:252,3
DA:253,4
DA:262,0
DA:265,1
DA:266,3
DA:267,2
DA:271,0
DA:274,3
DA:278,3
DA:279,3
DA:281,3
DA:282,0
DA:283,0
DA:287,3
DA:288,3
DA:289,6
DA:290,3
DA:291,3
DA:294,3
DA:296,3
DA:297,3
DA:300,3
DA:306,3
DA:313,3
DA:314,9
DA:316,0
DA:319,3
DA:320,3
DA:321,3
DA:322,3
DA:330,9
DA:332,3
DA:333,3
DA:334,15
DA:338,3
DA:339,6
DA:341,0
DA:343,0
DA:345,0
DA:347,0
DA:349,0
DA:356,3
DA:357,6
DA:358,6
DA:359,6
DA:360,3
DA:362,1
DA:364,9
DA:365,3
DA:373,3
DA:377,3
DA:378,6
DA:379,6
DA:386,3
DA:387,6
DA:388,6
DA:395,9
DA:397,3
DA:398,6
DA:399,3
DA:400,3
DA:401,3
DA:405,9
DA:407,9
DA:409,3
DA:410,1
DA:411,4
DA:412,3
DA:413,1
DA:415,5
DA:416,1
DA:418,3
DA:420,3
DA:421,6
DA:422,6
DA:423,6
DA:424,3
DA:428,9
DA:429,3
DA:430,9
DA:431,3
DA:432,6
DA:433,3
DA:440,4
DA:441,2
DA:442,1
DA:444,2
DA:449,3
DA:450,5
DA:452,12
DA:454,3
DA:455,1
DA:456,1
DA:460,3
DA:462,3
DA:464,6
DA:466,6
DA:467,3
DA:468,3
DA:470,3
DA:471,3
DA:477,3
DA:479,3
DA:481,9
DA:482,3
DA:483,1
DA:484,1
DA:494,3
DA:495,12
DA:497,8
DA:498,12
DA:500,6
DA:502,3
DA:503,6
DA:504,2
DA:505,6
DA:506,3
DA:507,6
DA:508,3
DA:514,3
DA:515,1
DA:518,1
DA:519,1
DA:523,0
DA:525,0
DA:529,0
DA:530,0
DA:531,0
DA:532,0
DA:536,3
DA:540,9
DA:541,9
LF:230
LH:198
end_of_record
SF:/Users/kaiquefarias/Documents/projects/eLivre/lib/features/mobi/utils/parse_mobi_book.dart
DA:19,4
DA:35,4
DA:36,4
DA:37,12
DA:38,8
DA:40,4
DA:41,4
DA:43,4
DA:44,3
DA:46,4
DA:50,4
DA:51,4
DA:52,12
DA:53,4
DA:54,15
DA:55,4
DA:57,4
DA:63,4
DA:64,14
DA:67,3
DA:68,0
DA:69,0
DA:76,1
DA:77,2
DA:78,3
DA:80,4
DA:81,14
DA:83,3
DA:87,15
DA:92,7
DA:93,4
DA:94,3
DA:96,3
DA:97,2
DA:98,1
DA:99,1
DA:103,1
DA:105,3
DA:106,1
DA:109,2
DA:110,1
DA:113,2
DA:119,4
DA:123,20
DA:128,4
DA:133,12
DA:136,1
DA:139,3
DA:144,3
DA:147,3
DA:148,3
DA:149,3
DA:151,3
DA:153,3
DA:154,3
DA:156,6
DA:157,6
DA:163,3
DA:164,0
DA:170,3
DA:171,3
DA:172,3
DA:173,3
DA:174,3
DA:175,3
DA:176,3
DA:185,4
DA:186,4
DA:187,4
DA:188,4
DA:193,4
DA:195,16
DA:196,4
DA:197,4
DA:199,8
DA:200,1
DA:201,6
DA:202,1
DA:203,1
DA:207,4
DA:208,4
DA:209,4
DA:210,4
DA:214,4
DA:215,4
DA:216,8
DA:217,4
DA:219,4
DA:221,8
DA:224,4
DA:225,7
DA:227,9
DA:229,6
DA:230,6
DA:237,4
DA:238,2
DA:244,4
DA:251,4
DA:253,4
DA:254,4
DA:256,4
DA:257,4
DA:266,4
DA:271,4
DA:272,4
DA:273,3
DA:274,4
DA:276,8
DA:277,12
DA:280,4
DA:281,4
DA:285,8
DA:286,8
LF:113
LH:110
end_of_record
SF:/Users/kaiquefarias/Documents/projects/eLivre/lib/features/core/book/book.dart
DA:21,9
DA:37,2
DA:38,5
LF:3
LH:3
end_of_record
SF:/Users/kaiquefarias/Documents/projects/eLivre/lib/features/core/book/e_book.dart
DA:39,1
DA:40,2
DA:44,1
DA:45,2
DA:46,2
DA:50,1
DA:51,2
DA:52,3
DA:59,2
DA:60,2
DA:61,2
DA:62,2
DA:63,2
DA:64,6
DA:65,4
DA:73,1
DA:74,2
DA:78,2
DA:79,2
DA:80,6
DA:84,2
DA:85,2
DA:86,2
DA:87,2
DA:88,1
DA:89,1
DA:90,1
DA:91,1
DA:92,0
DA:93,0
DA:98,3
DA:99,3
DA:100,3
DA:101,4
DA:102,2
DA:103,1
DA:105,1
DA:106,0
DA:108,1
DA:109,2
DA:110,2
DA:111,0
DA:112,0
DA:113,0
DA:114,0
DA:118,2
DA:119,4
DA:120,2
DA:121,1
DA:123,2
DA:125,0
DA:127,2
DA:128,2
DA:136,3
DA:137,6
DA:138,12
DA:142,2
DA:143,4
DA:144,10
DA:148,2
DA:150,2
DA:151,12
DA:154,2
DA:155,2
DA:156,2
DA:157,2
DA:158,2
DA:159,0
DA:160,0
DA:161,0
DA:169,2
DA:173,2
DA:174,2
DA:175,6
DA:176,4
DA:177,2
DA:181,3
DA:182,1
DA:183,0
DA:190,2
DA:191,2
DA:192,2
DA:193,2
DA:196,2
DA:198,2
DA:199,0
DA:201,0
LF:87
LH:73
end_of_record
SF:/Users/kaiquefarias/Documents/projects/eLivre/lib/features/core/detection/format_detector.dart
DA:34,6
DA:35,6
DA:41,6
DA:46,6
DA:51,6
DA:56,6
DA:62,32
DA:69,10
DA:70,18
DA:71,12
DA:75,6
DA:76,6
DA:77,3
DA:78,5
DA:83,2
DA:96,1
DA:97,1
DA:98,4
DA:101,1
DA:103,2
DA:104,1
DA:107,1
DA:108,1
DA:109,3
DA:117,6
DA:118,18
DA:121,13
DA:122,18
DA:129,2
DA:134,8
DA:137,4
DA:138,16
DA:139,0
DA:141,2
DA:143,9
DA:145,2
DA:148,2
DA:149,2
DA:152,4
LF:39
LH:38
end_of_record
SF:/Users/kaiquefarias/Documents/projects/eLivre/lib/features/core/exceptions/elivre_exception.dart
DA:4,17
DA:9,0
DA:10,0
DA:16,17
DA:18,0
DA:19,0
DA:25,1
DA:27,1
DA:28,2
DA:34,17
DA:36,0
DA:37,0
LF:12
LH:6
end_of_record
SF:/Users/kaiquefarias/Documents/projects/eLivre/lib/features/core/utils/image_size.dart
DA:6,9
DA:14,1
DA:16,7
DA:18,0
DA:19,0
DA:21,0
DA:22,0
DA:30,10
DA:31,20
DA:35,50
DA:36,10
DA:39,5
DA:40,5
DA:41,5
DA:42,5
DA:46,20
DA:47,1
DA:48,1
DA:49,1
DA:50,1
DA:54,18
DA:55,2
DA:58,1
DA:59,2
DA:60,2
DA:61,1
DA:64,32
DA:65,8
DA:68,8
DA:69,8
DA:70,1
DA:75,8
DA:80,8
DA:82,24
DA:83,16
DA:84,1
DA:87,16
DA:88,8
DA:89,21
DA:92,7
DA:93,14
DA:94,14
DA:97,32
DA:98,0
DA:101,24
DA:104,16
DA:105,16
DA:110,1
DA:111,2
DA:114,2
DA:116,1
DA:118,7
DA:119,7
DA:120,3
DA:121,0
DA:124,0
DA:127,0
DA:128,0
DA:129,0
DA:130,0
DA:132,0
DA:134,0
DA:137,0
DA:138,0
DA:139,0
DA:140,0
DA:141,0
DA:142,0
DA:143,0
LF:69
LH:49
end_of_record
SF:/Users/kaiquefarias/Documents/projects/eLivre/lib/features/core/utils/image_sniffer.dart
DA:23,1
DA:24,1
DA:25,0
DA:26,0
DA:27,0
DA:28,0
DA:32,8
DA:33,8
DA:34,5
DA:35,3
DA:36,0
DA:37,0
DA:45,11
DA:46,11
DA:47,11
DA:52,66
DA:57,6
DA:58,12
DA:59,10
DA:60,10
DA:61,10
DA:62,10
DA:63,10
DA:64,10
DA:65,10
DA:70,34
DA:75,6
DA:80,2
DA:81,2
DA:82,2
DA:83,2
DA:84,2
DA:85,2
DA:86,2
DA:87,2
DA:88,2
LF:36
LH:30
end_of_record
SF:/Users/kaiquefarias/Documents/projects/eLivre/lib/features/core/utils/metadata_utils.dart
DA:10,2
DA:14,2
DA:15,4
DA:16,2
DA:17,1
DA:18,6
DA:19,6
DA:20,6
DA:21,6
DA:22,6
DA:23,6
DA:24,6
DA:25,4
DA:26,6
DA:27,6
DA:28,4
DA:29,6
DA:30,4
DA:39,3
DA:43,9
DA:44,6
DA:49,1
DA:51,3
DA:55,2
DA:56,2
DA:57,2
DA:61,1
DA:63,1
DA:64,1
DA:66,1
DA:72,6
DA:76,15
DA:79,1
DA:80,1
DA:81,4
DA:82,1
DA:83,2
DA:86,2
DA:87,2
DA:90,2
DA:93,2
DA:94,2
LF:42
LH:42
end_of_record
SF:/Users/kaiquefarias/Documents/projects/eLivre/lib/features/core/utils/plain_text.dart
DA:21,2
DA:22,2
DA:23,2
DA:24,2
DA:32,2
DA:33,6
DA:34,2
DA:35,2
DA:40,2
DA:45,2
DA:51,2
DA:52,2
DA:53,2
DA:54,2
DA:55,2
DA:60,2
DA:61,2
DA:63,2
DA:64,2
DA:67,2
DA:69,2
DA:75,2
DA:76,2
DA:77,2
DA:78,6
DA:81,2
DA:85,2
DA:90,4
DA:99,1
DA:104,1
DA:105,1
DA:110,4
DA:115,2
DA:118,2
DA:125,4
DA:126,2
DA:127,2
DA:128,2
DA:133,8
DA:134,4
DA:135,2
DA:144,2
DA:145,4
DA:146,4
DA:151,6
DA:153,8
DA:159,2
DA:160,5
DA:161,4
DA:166,4
DA:172,4
DA:173,4
DA:174,1
DA:176,4
DA:179,2
DA:184,8
DA:187,6
DA:188,10
DA:199,2
DA:204,4
DA:205,4
DA:206,6
DA:210,12
DA:211,2
DA:212,4
DA:214,2
DA:215,8
DA:216,2
DA:218,12
DA:220,8
DA:221,4
DA:228,12
DA:229,2
DA:231,10
DA:233,6
DA:234,4
DA:270,2
DA:271,2
DA:272,4
DA:273,2
DA:274,2
DA:275,4
DA:276,2
DA:277,2
DA:278,2
DA:279,2
DA:280,2
DA:281,2
DA:283,2
DA:284,4
DA:285,3
DA:286,3
DA:287,2
DA:289,2
DA:290,4
DA:291,3
DA:292,2
DA:294,2
DA:295,5
DA:297,2
DA:298,10
DA:301,6
DA:302,8
DA:309,1
DA:310,5
DA:312,3
DA:313,4
DA:322,1
DA:325,2
DA:330,10
DA:332,6
DA:333,10
DA:342,1
DA:346,1
DA:349,2
DA:350,3
DA:355,1
LF:117
LH:117
end_of_record
SF:/Users/kaiquefarias/Documents/projects/eLivre/lib/features/comic/entities/comic_book.dart
DA:13,3
DA:18,3
DA:25,6
DA:46,9
LF:4
LH:4
end_of_record
SF:/Users/kaiquefarias/Documents/projects/eLivre/lib/features/core/entities/book/files.dart
DA:11,9
DA:34,0
DA:36,0
DA:37,0
DA:38,0
LF:5
LH:1
end_of_record
SF:/Users/kaiquefarias/Documents/projects/eLivre/lib/features/core/entities/book_metadata.dart
DA:10,11
DA:71,3
DA:87,3
DA:88,3
DA:89,3
DA:90,3
DA:91,3
DA:92,3
DA:93,3
DA:94,3
DA:95,3
DA:96,3
DA:97,3
DA:98,3
DA:99,3
DA:100,3
DA:101,2
DA:105,0
DA:107,0
DA:108,0
LF:20
LH:17
end_of_record
SF:/Users/kaiquefarias/Documents/projects/eLivre/lib/features/core/entities/file/binary_file.dart
DA:13,11
DA:21,7
DA:22,7
DA:23,7
DA:31,24
LF:5
LH:5
end_of_record
SF:/Users/kaiquefarias/Documents/projects/eLivre/lib/features/core/entities/navigation/navigation.dart
DA:10,10
DA:21,0
DA:22,0
LF:3
LH:1
end_of_record
SF:/Users/kaiquefarias/Documents/projects/eLivre/lib/features/comic/exceptions/comic_exception.dart
DA:6,17
DA:8,0
DA:9,0
LF:3
LH:1
end_of_record
SF:/Users/kaiquefarias/Documents/projects/eLivre/lib/features/comic/utils/comic_info.dart
DA:9,2
DA:13,2
DA:16,2
DA:17,0
DA:20,8
DA:24,2
DA:25,4
DA:26,4
DA:27,2
DA:30,2
DA:31,4
DA:32,2
DA:33,4
DA:34,4
DA:37,2
DA:38,2
DA:40,2
DA:42,2
DA:43,6
DA:45,2
DA:46,2
DA:49,4
DA:57,2
DA:58,6
DA:59,6
DA:66,2
DA:71,4
DA:72,6
DA:73,6
DA:74,2
LF:30
LH:29
end_of_record
SF:/Users/kaiquefarias/Documents/projects/eLivre/lib/features/comic/utils/parse_comic_book.dart
DA:18,3
DA:24,3
DA:25,3
DA:26,6
DA:30,2
DA:31,2
DA:32,2
DA:34,0
DA:36,2
DA:38,4
DA:39,4
DA:40,4
DA:41,4
DA:42,4
DA:43,4
DA:44,4
DA:45,4
DA:49,3
DA:50,16
DA:52,3
DA:53,3
DA:56,3
DA:57,4
DA:58,4
DA:59,2
DA:62,2
DA:63,2
DA:64,2
DA:65,0
DA:66,6
DA:67,4
DA:70,2
DA:71,6
DA:75,4
DA:76,2
DA:79,6
DA:80,0
DA:83,2
DA:84,4
DA:85,2
DA:89,4
DA:90,8
DA:95,3
DA:98,15
DA:102,3
DA:107,3
DA:108,6
DA:109,6
DA:110,9
DA:111,3
DA:112,3
DA:113,3
DA:115,3
DA:116,3
DA:121,3
DA:122,4
DA:124,2
DA:127,6
DA:128,6
DA:129,3
DA:130,3
DA:131,3
DA:133,2
DA:134,2
DA:138,3
DA:148,3
DA:151,12
DA:152,3
DA:153,3
DA:154,3
DA:155,3
DA:156,6
DA:159,15
DA:160,12
DA:161,3
DA:163,15
DA:164,12
DA:165,3
DA:167,3
DA:168,3
DA:171,2
DA:172,0
DA:174,2
DA:175,2
DA:178,0
LF:85
LH:80
end_of_record
SF:/Users/kaiquefarias/Documents/projects/eLivre/lib/features/comic/utils/rar_reader.dart
DA:7,2
DA:33,2
DA:34,4
DA:37,12
DA:38,16
DA:39,12
DA:40,12
DA:41,6
DA:45,3
DA:48,2
DA:49,2
DA:50,2
DA:53,6
DA:54,4
DA:55,4
DA:56,4
DA:57,2
DA:60,2
DA:62,6
DA:65,2
DA:66,2
DA:67,2
DA:68,2
DA:69,2
DA:70,2
DA:71,2
DA:72,2
DA:73,2
DA:74,2
DA:75,2
DA:76,2
DA:77,2
DA:78,2
DA:79,4
DA:80,1
DA:82,4
DA:83,1
DA:85,2
DA:86,4
DA:89,4
DA:90,4
DA:91,2
DA:92,2
DA:93,2
DA:94,6
DA:95,2
DA:96,2
DA:101,2
DA:102,1
DA:105,4
DA:108,0
DA:112,2
DA:113,2
DA:121,1
DA:122,1
DA:125,3
DA:127,1
DA:128,1
DA:129,1
DA:132,1
DA:133,2
DA:137,1
DA:138,1
DA:139,1
DA:140,1
DA:143,2
DA:144,1
DA:146,1
DA:149,1
DA:151,1
DA:152,1
DA:153,1
DA:154,1
DA:155,1
DA:156,1
DA:157,2
DA:158,1
DA:160,2
DA:161,1
DA:163,1
DA:164,1
DA:165,1
DA:166,1
DA:167,1
DA:168,1
DA:169,1
DA:172,2
DA:173,2
DA:174,2
DA:175,1
DA:177,1
DA:179,3
DA:180,1
DA:181,1
DA:186,1
DA:187,1
DA:192,1
DA:193,1
DA:196,1
DA:204,1
DA:208,3
DA:209,2
DA:210,1
DA:211,3
DA:212,2
DA:215,1
DA:216,1
LF:107
LH:106
end_of_record
SF:/Users/kaiquefarias/Documents/projects/eLivre/lib/features/core/entities/book_cover.dart
DA:8,11
DA:28,3
DA:31,0
DA:33,0
DA:34,0
DA:35,0
DA:36,0
LF:7
LH:2
end_of_record
SF:/Users/kaiquefarias/Documents/projects/eLivre/lib/features/core/entities/book_statistics.dart
DA:5,1
DA:11,1
DA:14,2
DA:15,2
DA:16,2
DA:18,1
DA:30,1
DA:31,3
DA:34,4
DA:37,0
DA:39,0
LF:11
LH:9
end_of_record
SF:/Users/kaiquefarias/Documents/projects/eLivre/lib/features/epub/exceptions/empty_bytes_exception.dart
DA:2,1
DA:5,0
DA:6,0
LF:3
LH:1
end_of_record
SF:/Users/kaiquefarias/Documents/projects/eLivre/lib/features/epub/exceptions/epub_exception.dart
DA:6,2
DA:8,1
DA:9,2
LF:3
LH:3
end_of_record
SF:/Users/kaiquefarias/Documents/projects/eLivre/lib/features/epub/utils/epub_metadata_mapper.dart
DA:15,3
DA:19,3
DA:20,3
DA:21,6
DA:22,6
DA:24,6
DA:25,3
DA:28,3
DA:30,9
DA:31,3
DA:32,15
DA:34,3
DA:35,9
DA:37,3
DA:38,3
DA:39,6
DA:40,3
DA:41,15
DA:43,6
DA:44,6
DA:45,3
DA:46,6
DA:48,3
DA:52,3
DA:53,3
DA:56,6
DA:60,6
DA:61,3
DA:62,3
DA:64,3
DA:65,3
DA:70,3
DA:71,3
DA:74,3
DA:75,3
DA:79,0
DA:83,0
DA:84,0
DA:85,0
DA:86,0
DA:90,3
DA:91,6
DA:92,9
DA:93,6
DA:94,0
DA:95,6
DA:96,6
DA:104,3
DA:105,3
DA:106,5
DA:107,1
DA:109,5
DA:110,0
LF:53
LH:46
end_of_record
SF:/Users/kaiquefarias/Documents/projects/eLivre/lib/features/epub/utils/parse_epub_book.dart
DA:17,2
DA:18,6
DA:22,3
DA:23,3
DA:24,6
DA:26,6
DA:27,3
DA:29,12
DA:30,6
DA:32,3
DA:44,2
DA:45,2
DA:46,4
DA:48,4
DA:49,4
DA:52,4
DA:56,0
DA:57,4
DA:58,0
LF:19
LH:17
end_of_record
SF:/Users/kaiquefarias/Documents/projects/eLivre/lib/features/epub/utils/parse_epub_package.dart
DA:19,5
DA:20,5
DA:21,10
DA:24,5
DA:28,5
DA:29,5
DA:30,10
DA:33,5
DA:37,5
DA:38,5
DA:41,5
DA:45,5
DA:46,5
DA:48,5
DA:52,5
DA:53,5
DA:55,5
DA:60,5
DA:65,5
DA:66,5
DA:68,5
DA:70,5
DA:74,5
DA:75,5
DA:77,5
DA:78,5
DA:83,5
DA:88,6
DA:89,3
DA:90,9
DA:93,3
DA:95,0
DA:98,3
DA:103,3
DA:111,5
DA:113,0
DA:126,5
DA:131,5
DA:132,5
DA:133,20
DA:137,5
DA:138,20
DA:139,5
DA:140,5
DA:141,5
DA:143,20
DA:145,4
DA:146,4
DA:147,4
DA:148,8
DA:150,3
DA:151,3
DA:154,5
DA:155,5
DA:156,5
DA:157,5
DA:159,4
DA:160,4
DA:161,4
DA:162,8
DA:164,3
DA:165,3
DA:167,5
DA:169,5
DA:170,9
DA:171,5
DA:172,5
DA:174,5
DA:175,20
DA:176,5
DA:179,5
DA:180,5
DA:181,5
DA:182,10
DA:184,5
DA:185,5
DA:186,0
DA:190,5
DA:191,5
DA:192,5
DA:193,10
DA:194,10
DA:196,5
DA:201,5
DA:204,10
DA:205,5
DA:206,5
DA:211,11
DA:212,5
DA:215,10
DA:217,5
DA:218,5
DA:220,5
DA:225,5
DA:226,5
DA:245,3
DA:246,6
DA:247,6
DA:248,3
DA:249,3
DA:252,3
DA:253,6
DA:254,6
DA:255,3
DA:256,3
DA:259,3
DA:260,6
DA:261,6
DA:262,12
DA:263,3
DA:265,3
DA:280,3
DA:281,3
DA:282,9
DA:283,3
DA:284,3
DA:286,3
DA:287,6
DA:288,6
DA:289,3
DA:290,3
DA:296,3
DA:297,6
DA:298,6
DA:299,3
DA:300,3
DA:301,3
DA:304,3
DA:305,3
DA:306,3
DA:307,6
DA:309,0
DA:310,0
DA:313,3
DA:314,6
DA:315,6
DA:316,0
DA:317,0
DA:320,3
DA:321,3
DA:322,3
DA:323,6
DA:324,0
DA:326,0
DA:327,0
DA:330,3
DA:331,3
DA:332,3
DA:333,6
DA:336,0
DA:337,0
DA:342,5
DA:346,15
DA:349,5
DA:350,5
DA:351,5
DA:352,5
DA:354,16
DA:356,5
DA:359,5
DA:360,5
DA:361,5
DA:363,5
DA:364,15
DA:365,5
DA:369,5
DA:370,5
DA:372,15
DA:373,5
DA:374,5
DA:375,5
DA:376,5
DA:378,5
DA:382,15
LF:174
LH:162
end_of_record
SF:/Users/kaiquefarias/Documents/projects/eLivre/lib/features/core/entities/file/text_file.dart
DA:12,7
DA:24,3
LF:2
LH:2
end_of_record
SF:/Users/kaiquefarias/Documents/projects/eLivre/lib/features/core/entities/file/book_file.dart
DA:4,11
LF:1
LH:1
end_of_record
SF:/Users/kaiquefarias/Documents/projects/eLivre/lib/features/core/entities/navigation/nav_point.dart
DA:7,8
DA:34,0
DA:36,0
DA:37,0
LF:4
LH:1
end_of_record
SF:/Users/kaiquefarias/Documents/projects/eLivre/lib/features/epub/entities/book/book.dart
DA:21,3
DA:26,3
DA:29,1
DA:30,1
DA:31,1
DA:35,1
DA:36,2
DA:37,2
DA:41,1
DA:42,1
DA:45,1
DA:46,2
DA:64,1
DA:65,3
DA:68,0
DA:71,0
DA:74,0
DA:77,0
DA:80,0
DA:83,0
DA:86,0
DA:89,0
DA:91,1
DA:92,2
DA:94,1
DA:95,1
LF:26
LH:18
end_of_record
SF:/Users/kaiquefarias/Documents/projects/eLivre/lib/features/epub/entities/package/epub_package.dart
DA:4,5
DA:24,5
DA:64,5
DA:70,5
DA:82,0
DA:84,0
DA:89,5
DA:97,0
DA:99,0
DA:104,5
DA:110,0
DA:112,0
DA:117,5
DA:127,0
DA:129,0
LF:15
LH:7
end_of_record
SF:/Users/kaiquefarias/Documents/projects/eLivre/lib/features/epub/entities/package/epub_2_package.dart
DA:4,5
DA:14,0
DA:16,0
DA:21,5
DA:25,5
DA:42,0
DA:44,0
LF:7
LH:3
end_of_record
SF:/Users/kaiquefarias/Documents/projects/eLivre/lib/features/epub/entities/package/epub_3_package.dart
DA:4,3
DA:18,3
DA:46,0
LF:3
LH:2
end_of_record
SF:/Users/kaiquefarias/Documents/projects/eLivre/lib/features/epub/utils/archive_utils.dart
DA:11,5
DA:12,5
DA:13,5
DA:16,10
DA:17,5
DA:20,10
DA:21,25
DA:30,4
DA:31,8
DA:32,8
DA:33,6
DA:35,2
DA:36,4
DA:41,5
DA:42,5
DA:43,10
DA:44,10
DA:47,5
DA:48,0
DA:49,0
DA:53,5
DA:55,5
DA:60,4
DA:61,4
DA:62,4
DA:63,4
DA:65,0
LF:27
LH:24
end_of_record
SF:/Users/kaiquefarias/Documents/projects/eLivre/lib/features/epub/utils/extract_files.dart
DA:15,3
DA:20,12
DA:21,12
DA:23,12
DA:24,3
DA:25,3
DA:26,6
DA:27,6
DA:29,3
DA:30,3
DA:31,6
DA:32,6
DA:33,6
DA:34,6
DA:35,6
DA:38,3
DA:39,3
DA:40,3
DA:41,3
DA:42,3
DA:43,3
DA:47,3
DA:52,3
DA:53,6
DA:54,9
DA:55,3
DA:56,3
DA:58,9
DA:59,3
DA:60,3
DA:67,3
DA:72,3
DA:73,6
DA:74,9
DA:75,3
DA:76,3
DA:78,9
DA:79,3
DA:80,6
DA:87,3
DA:94,3
DA:95,6
DA:96,3
DA:99,3
DA:100,9
DA:101,3
DA:105,3
DA:106,6
DA:107,12
DA:109,3
LF:50
LH:50
end_of_record
SF:/Users/kaiquefarias/Documents/projects/eLivre/lib/features/epub/utils/get_book_cover.dart
DA:17,4
DA:18,8
DA:20,4
DA:21,4
DA:22,8
DA:23,4
DA:29,8
DA:30,4
DA:31,16
DA:37,2
DA:38,0
DA:41,0
DA:42,0
DA:43,0
DA:50,2
DA:51,2
DA:52,6
DA:53,0
DA:64,4
DA:70,4
DA:72,2
DA:75,8
DA:76,4
DA:77,3
DA:78,15
DA:84,2
DA:86,0
DA:88,6
DA:89,2
DA:90,2
DA:92,4
DA:93,2
LF:32
LH:26
end_of_record
SF:/Users/kaiquefarias/Documents/projects/eLivre/lib/features/epub/utils/get_epub_root_file_path.dart
DA:18,5
DA:19,5
DA:20,10
DA:21,5
DA:24,5
DA:25,5
DA:28,5
DA:29,5
DA:30,0
DA:36,5
DA:38,5
DA:42,5
DA:45,0
DA:51,5
DA:52,10
DA:53,5
DA:54,20
DA:55,0
DA:59,5
LF:19
LH:16
end_of_record
SF:/Users/kaiquefarias/Documents/projects/eLivre/lib/features/epub/utils/process_package.dart
DA:18,3
DA:23,8
DA:25,0
DA:28,9
DA:29,9
DA:30,0
DA:31,0
DA:35,6
DA:36,3
DA:38,0
DA:39,0
DA:43,3
DA:44,6
DA:47,12
DA:48,5
DA:51,2
DA:52,2
DA:53,2
DA:58,3
DA:60,3
DA:61,3
DA:62,3
DA:63,3
DA:64,3
DA:65,0
DA:68,6
DA:70,0
DA:71,9
DA:73,3
DA:76,3
DA:78,3
DA:79,3
DA:80,3
DA:81,3
DA:82,3
DA:83,0
DA:85,9
DA:87,3
DA:88,3
DA:89,3
DA:90,3
DA:94,9
DA:98,2
DA:100,4
DA:101,4
DA:107,4
DA:108,2
DA:109,2
DA:116,0
DA:119,4
DA:121,2
DA:123,2
DA:126,2
DA:127,2
DA:129,4
DA:130,4
DA:131,4
DA:135,2
DA:136,2
DA:137,2
DA:138,6
DA:139,2
DA:140,2
DA:141,4
DA:142,2
DA:144,4
LF:66
LH:57
end_of_record
SF:/Users/kaiquefarias/Documents/projects/eLivre/lib/features/fb2/entities/fb2_book.dart
DA:11,3
DA:16,3
DA:34,3
DA:37,3
DA:40,0
DA:41,0
DA:44,0
LF:7
LH:4
end_of_record
SF:/Users/kaiquefarias/Documents/projects/eLivre/lib/features/fb2/exceptions/fb2_exception.dart
DA:6,17
DA:8,0
DA:9,0
LF:3
LH:1
end_of_record
SF:/Users/kaiquefarias/Documents/projects/eLivre/lib/features/fb2/utils/fb2_to_html.dart
DA:7,4
DA:23,4
DA:28,4
DA:29,4
DA:33,4
DA:44,4
DA:45,8
DA:48,4
DA:49,12
DA:50,10
DA:51,16
DA:52,4
DA:53,8
DA:54,8
DA:57,4
DA:58,12
DA:59,4
DA:60,8
DA:61,4
DA:64,12
DA:67,4
DA:68,4
DA:69,4
DA:75,4
DA:76,4
DA:77,2
DA:78,6
DA:80,12
DA:81,4
DA:85,4
DA:90,4
DA:91,4
DA:92,4
DA:93,12
DA:94,4
DA:95,4
DA:96,4
DA:98,2
DA:99,2
DA:100,2
DA:102,4
DA:103,4
DA:106,4
DA:113,12
DA:114,4
DA:119,4
DA:126,8
DA:128,4
DA:129,8
DA:130,12
DA:131,12
DA:132,4
DA:133,4
DA:134,4
DA:135,4
DA:136,4
DA:137,2
DA:139,2
DA:140,8
DA:141,2
DA:143,4
DA:144,4
DA:145,2
DA:146,4
DA:147,4
DA:148,1
DA:149,1
DA:150,1
DA:151,4
DA:152,1
DA:153,1
DA:154,1
DA:155,4
DA:156,1
DA:157,1
DA:158,1
DA:159,4
DA:160,1
DA:161,1
DA:162,1
DA:163,4
DA:164,2
DA:165,2
DA:166,2
DA:167,4
DA:168,2
DA:169,6
DA:170,6
DA:171,2
DA:172,2
DA:174,1
DA:177,2
DA:178,4
DA:179,4
DA:180,4
DA:181,4
DA:182,4
DA:183,4
DA:184,2
DA:185,1
DA:186,1
DA:187,1
DA:188,1
DA:189,1
DA:190,1
DA:191,1
DA:192,1
DA:193,1
DA:194,1
DA:195,1
DA:196,1
DA:197,1
DA:198,1
DA:199,1
DA:200,1
DA:201,1
DA:202,1
DA:203,0
DA:206,3
DA:207,1
DA:208,3
DA:209,1
DA:211,1
DA:216,4
DA:227,4
DA:229,4
DA:230,2
DA:231,4
DA:232,2
DA:235,4
DA:237,2
DA:238,2
DA:240,6
DA:241,8
DA:242,4
DA:244,12
DA:246,10
DA:251,4
DA:252,4
DA:253,4
DA:256,4
DA:261,8
DA:262,4
DA:263,12
DA:264,4
DA:265,4
DA:266,1
DA:267,3
DA:272,4
DA:277,8
DA:278,4
DA:279,4
DA:280,4
DA:281,4
DA:282,4
DA:283,4
DA:284,4
DA:285,4
DA:286,4
DA:287,1
DA:288,1
DA:289,1
DA:290,4
DA:291,1
DA:292,1
DA:293,1
DA:294,4
DA:295,1
DA:296,1
DA:297,1
DA:298,4
DA:299,1
DA:300,1
DA:301,1
DA:302,4
DA:303,2
DA:304,4
DA:305,4
DA:306,2
DA:307,1
DA:309,1
DA:313,2
DA:318,2
DA:320,1
DA:321,1
DA:323,6
DA:324,2
DA:325,2
DA:326,6
DA:327,2
DA:328,2
DA:329,1
DA:330,3
DA:331,1
DA:332,1
DA:334,1
DA:335,3
DA:336,1
DA:337,1
DA:341,2
DA:342,8
DA:343,1
DA:345,6
DA:346,8
DA:347,4
DA:350,1
DA:353,4
DA:354,4
DA:356,0
DA:358,12
DA:361,4
DA:362,8
DA:363,16
DA:366,4
DA:367,12
DA:368,12
DA:371,3
DA:380,4
DA:381,4
DA:382,4
DA:383,4
DA:385,12
LF:222
LH:220
end_of_record
SF:/Users/kaiquefarias/Documents/projects/eLivre/lib/features/mobi/compression/huff_cdic.dart
DA:6,2
DA:13,2
DA:25,2
DA:26,4
DA:27,6
DA:28,4
DA:38,2
DA:39,2
DA:40,4
DA:41,6
DA:42,4
DA:43,2
DA:45,2
DA:49,2
DA:50,2
DA:51,2
DA:52,2
DA:54,4
DA:56,6
DA:57,2
DA:58,2
DA:59,2
DA:60,0
DA:61,0
DA:63,0
DA:66,2
DA:67,2
DA:68,2
DA:72,6
DA:73,4
DA:74,2
DA:75,2
DA:76,0
DA:77,0
DA:78,0
DA:80,2
DA:83,2
DA:84,4
DA:85,2
DA:87,2
DA:90,2
DA:91,4
DA:92,16
DA:93,16
DA:96,2
DA:97,2
DA:98,2
DA:100,2
DA:101,4
DA:102,6
DA:103,2
DA:104,4
DA:105,4
DA:108,2
DA:109,8
DA:110,4
DA:112,2
DA:114,2
DA:115,2
DA:116,4
DA:117,6
DA:118,8
DA:119,2
DA:120,6
DA:121,10
DA:123,2
DA:124,2
DA:127,2
DA:128,4
DA:129,16
DA:130,16
DA:133,2
DA:134,2
DA:135,2
DA:136,10
DA:137,0
DA:138,6
DA:140,4
DA:141,6
DA:142,4
DA:143,2
DA:144,4
DA:145,2
DA:146,2
DA:147,4
DA:148,2
DA:149,6
LF:87
LH:80
end_of_record
SF:/Users/kaiquefarias/Documents/projects/eLivre/lib/features/mobi/exceptions/mobi_exception.dart
DA:6,17
DA:8,0
DA:9,0
LF:3
LH:1
end_of_record
SF:/Users/kaiquefarias/Documents/projects/eLivre/lib/features/mobi/compression/palmdoc.dart
DA:16,5
DA:17,15
DA:20,5
DA:21,5
DA:22,10
DA:25,10
DA:26,5
DA:27,0
DA:29,10
DA:34,10
DA:35,10
DA:36,10
DA:37,5
DA:38,5
DA:39,15
DA:40,20
DA:42,5
DA:43,5
DA:44,10
DA:45,5
DA:46,5
DA:47,10
DA:48,15
DA:49,10
DA:50,20
DA:51,10
DA:52,10
DA:53,5
DA:54,5
DA:55,5
DA:56,10
DA:57,20
DA:62,5
LF:33
LH:32
end_of_record
SF:/Users/kaiquefarias/Documents/projects/eLivre/lib/features/mobi/entities/mobi_book.dart
DA:13,1
DA:21,0
DA:22,0
DA:25,3
DA:26,3
DA:31,4
DA:54,1
DA:55,3
DA:65,2
DA:68,4
DA:71,0
DA:74,0
DA:75,0
DA:78,0
DA:81,0
DA:83,1
DA:84,3
DA:87,4
DA:90,1
DA:91,3
DA:92,3
DA:96,3
DA:97,1
DA:98,2
DA:101,1
DA:104,3
DA:107,1
DA:108,2
DA:109,3
DA:110,1
DA:114,1
DA:118,2
DA:119,2
DA:120,4
DA:121,4
DA:126,3
DA:127,1
DA:128,6
DA:129,1
DA:130,4
DA:136,1
DA:137,3
DA:138,1
DA:140,1
LF:44
LH:37
end_of_record
SF:/Users/kaiquefarias/Documents/projects/eLivre/lib/features/mobi/header/mobi_header.dart
DA:13,6
DA:14,6
DA:15,24
DA:16,24
DA:17,24
DA:18,24
DA:20,18
DA:21,6
DA:22,1
DA:23,1
DA:24,1
DA:25,1
DA:26,1
DA:27,2
DA:28,1
DA:29,1
DA:30,1
DA:31,1
DA:32,1
DA:33,1
DA:34,4
DA:35,1
DA:36,2
DA:37,1
DA:41,18
DA:42,12
DA:43,12
DA:44,12
DA:45,12
DA:46,18
DA:49,12
DA:50,12
DA:51,12
DA:52,1
DA:53,18
DA:54,12
DA:56,0
DA:59,12
DA:60,2
DA:61,2
DA:63,6
DA:64,6
DA:67,6
DA:68,6
DA:69,6
DA:70,24
DA:71,6
DA:72,6
DA:73,6
DA:74,6
DA:77,12
DA:78,12
DA:79,12
DA:81,6
DA:82,18
DA:83,6
DA:84,18
DA:85,6
DA:86,6
DA:90,24
DA:91,24
DA:92,8
DA:93,8
DA:95,8
DA:96,8
DA:97,16
DA:99,20
DA:100,5
DA:183,1
DA:184,3
DA:185,2
DA:186,0
DA:190,4
DA:191,8
DA:193,1
DA:194,3
DA:196,1
DA:197,1
LF:78
LH:76
end_of_record
SF:/Users/kaiquefarias/Documents/projects/eLivre/lib/features/mobi/utils/mobi_metadata_mapper.dart
DA:12,4
DA:18,4
DA:19,4
DA:22,4
DA:23,4
DA:28,4
DA:29,10
DA:30,3
DA:31,3
DA:34,6
DA:35,3
DA:38,4
DA:39,6
DA:40,3
DA:41,6
DA:42,1
DA:43,2
DA:44,1
DA:45,1
DA:49,6
DA:51,9
DA:55,3
DA:57,0
DA:59,0
DA:61,4
DA:62,10
DA:63,6
DA:64,3
DA:65,6
DA:66,3
DA:71,4
DA:72,6
DA:73,3
DA:74,3
DA:76,6
DA:77,3
DA:78,6
DA:80,3
DA:81,6
DA:82,3
DA:83,3
DA:87,12
DA:88,12
DA:91,4
DA:93,2
DA:94,4
DA:98,3
DA:101,7
DA:102,6
DA:104,4
DA:108,4
DA:109,4
DA:112,8
DA:116,8
DA:117,4
DA:118,4
DA:120,4
DA:121,4
DA:125,4
DA:129,3
DA:130,3
DA:133,3
DA:138,0
DA:142,0
DA:143,0
DA:144,0
DA:145,0
DA:147,0
LF:68
LH:60
end_of_record
SF:/Users/kaiquefarias/Documents/projects/eLivre/lib/features/mobi/header/exth_header.dart
DA:65,6
DA:68,6
DA:69,12
DA:70,48
DA:73,6
DA:74,6
DA:75,6
DA:76,6
DA:80,30
DA:81,6
DA:82,6
DA:83,12
DA:84,6
DA:87,6
DA:88,12
DA:89,12
DA:90,2
DA:91,24
DA:92,6
DA:96,6
DA:97,6
DA:98,18
DA:99,6
DA:103,6
DA:112,3
DA:115,4
DA:116,8
DA:117,4
DA:120,8
DA:124,3
DA:125,6
DA:126,9
DA:127,3
DA:130,5
DA:131,10
DA:132,20
DA:135,15
DA:139,5
DA:140,5
DA:141,5
DA:148,2
DA:151,3
DA:152,3
DA:153,1
DA:160,3
LF:45
LH:45
end_of_record
SF:/Users/kaiquefarias/Documents/projects/eLivre/lib/features/mobi/utils/decint.dart
DA:9,3
DA:12,9
DA:13,3
DA:14,9
DA:15,3
DA:16,6
DA:27,3
DA:32,6
DA:35,3
DA:36,6
DA:37,12
DA:38,3
DA:39,3
DA:45,0
DA:49,3
DA:54,6
DA:55,6
DA:56,6
DA:58,4
DA:63,16
DA:73,4
DA:75,4
DA:78,8
DA:81,4
DA:82,4
DA:83,4
DA:84,16
DA:86,4
DA:90,3
DA:92,3
DA:93,6
DA:94,3
DA:100,6
LF:33
LH:32
end_of_record
SF:/Users/kaiquefarias/Documents/projects/eLivre/lib/features/mobi/header/pdb_header.dart
DA:17,6
DA:18,12
DA:21,6
DA:22,6
DA:23,6
DA:24,12
DA:25,6
DA:26,6
DA:28,12
DA:30,18
DA:31,6
DA:32,0
DA:34,6
DA:36,6
DA:37,12
DA:38,42
DA:41,12
DA:42,6
DA:43,24
DA:59,5
DA:60,5
DA:66,6
DA:68,18
DA:69,0
DA:71,12
DA:72,24
DA:76,6
DA:77,18
DA:78,20
DA:80,18
DA:81,18
DA:82,18
DA:85,0
DA:86,0
DA:87,0
DA:91,0
LF:36
LH:30
end_of_record
SF:/Users/kaiquefarias/Documents/projects/eLivre/lib/features/mobi/index/indx_reader.dart
DA:9,3
DA:19,3
DA:43,3
DA:45,6
DA:47,6
DA:48,3
DA:49,3
DA:50,3
DA:51,3
DA:52,6
DA:53,0
DA:55,12
DA:56,3
DA:57,3
DA:60,6
DA:62,3
DA:73,9
DA:84,3
DA:90,6
DA:91,0
DA:93,3
DA:94,3
DA:95,3
DA:97,3
DA:98,6
DA:99,9
DA:100,9
DA:101,3
DA:102,3
DA:103,3
DA:104,9
DA:111,3
DA:112,9
DA:113,3
DA:114,0
DA:115,0
DA:119,3
DA:120,3
DA:123,18
DA:124,3
DA:126,3
DA:135,3
DA:136,3
DA:139,3
DA:143,12
DA:144,12
DA:147,3
DA:148,3
DA:149,3
DA:150,3
DA:151,3
DA:152,3
DA:153,3
DA:154,3
DA:155,3
DA:159,3
DA:160,3
DA:163,3
DA:164,3
DA:165,3
DA:166,3
DA:167,18
DA:168,27
DA:173,3
DA:180,3
DA:181,3
DA:182,12
DA:185,3
DA:186,3
DA:187,3
DA:188,6
DA:189,9
DA:190,9
DA:191,6
DA:193,3
DA:195,15
DA:196,3
DA:197,6
DA:198,9
DA:201,3
DA:202,3
DA:203,6
DA:206,0
DA:212,6
DA:215,3
DA:218,3
DA:220,3
DA:224,0
DA:225,0
DA:226,0
DA:227,0
DA:228,0
DA:229,0
DA:230,0
DA:231,0
DA:233,0
DA:236,3
DA:241,3
DA:243,6
DA:244,3
DA:245,3
DA:247,6
DA:248,6
DA:249,3
DA:250,3
DA:254,3
DA:257,9
DA:258,3
DA:263,6
DA:264,9
DA:265,0
DA:267,0
DA:272,3
DA:273,6
DA:274,3
DA:275,3
DA:279,9
DA:282,3
DA:283,6
DA:284,3
DA:286,3
DA:287,6
DA:288,3
DA:289,3
DA:290,3
DA:294,0
DA:295,0
DA:296,0
DA:297,0
DA:298,0
DA:301,3
DA:306,3
DA:307,12
DA:310,9
DA:311,12
DA:318,0
DA:319,0
DA:320,0
DA:324,0
LF:139
LH:114
end_of_record
SF:/Users/kaiquefarias/Documents/projects/eLivre/lib/features/mobi/index/ncx_reader.dart
DA:61,3
DA:67,3
DA:68,3
DA:72,3
DA:74,6
DA:75,3
DA:76,3
DA:77,3
DA:78,6
DA:79,6
DA:80,3
DA:81,3
DA:83,3
DA:84,6
DA:85,3
DA:86,6
DA:87,3
DA:88,6
DA:89,9
DA:90,3
DA:91,6
DA:92,3
DA:93,0
DA:94,0
DA:95,3
DA:96,3
DA:97,0
DA:98,0
DA:99,0
DA:100,0
DA:101,0
DA:102,0
DA:105,3
DA:114,3
DA:115,18
DA:116,3
DA:117,6
DA:120,6
DA:121,15
DA:122,6
DA:123,15
DA:124,3
DA:125,3
DA:126,3
DA:127,6
DA:128,3
DA:129,3
DA:132,3
DA:133,15
DA:137,3
LF:50
LH:42
end_of_record
SF:/Users/kaiquefarias/Documents/projects/eLivre/lib/features/mobi/reader/mobi6_markup.dart
DA:12,4
DA:14,4
DA:17,4
DA:18,8
DA:19,6
DA:22,6
DA:23,18
DA:26,18
DA:27,12
DA:28,3
DA:29,3
DA:31,3
DA:32,3
DA:36,4
DA:38,11
DA:39,9
DA:43,3
DA:44,3
DA:45,3
DA:46,12
DA:47,6
DA:48,24
DA:50,18
DA:51,9
DA:52,3
DA:55,0
DA:58,3
DA:61,6
DA:62,6
DA:65,8
DA:66,4
DA:71,12
DA:75,12
DA:79,12
DA:83,12
DA:84,12
DA:88,9
DA:92,9
DA:97,4
DA:101,4
DA:102,4
DA:103,3
DA:104,9
DA:105,6
DA:111,4
DA:112,4
DA:113,12
DA:117,4
DA:120,4
DA:121,4
DA:126,4
DA:127,4
DA:128,4
DA:129,0
DA:138,4
DA:144,4
DA:145,4
DA:146,4
DA:149,8
DA:154,8
DA:155,4
DA:158,4
DA:159,4
DA:160,4
DA:162,4
DA:163,0
DA:164,0
DA:165,0
DA:166,0
DA:167,0
DA:168,0
DA:169,0
DA:175,4
DA:179,4
DA:183,12
DA:184,4
DA:185,4
DA:186,4
DA:189,4
DA:195,4
DA:200,4
DA:217,4
DA:218,12
DA:219,4
DA:220,2
DA:228,9
DA:229,6
DA:230,3
DA:232,9
DA:233,6
DA:238,3
DA:239,3
DA:246,3
DA:247,9
DA:248,3
DA:249,3
DA:250,3
DA:252,6
DA:253,9
DA:254,9
DA:255,6
DA:259,3
DA:262,3
DA:263,6
DA:266,3
DA:267,6
DA:268,3
DA:269,6
DA:276,9
DA:278,12
DA:285,4
DA:286,8
DA:290,26
DA:293,8
DA:294,4
DA:301,4
DA:302,12
DA:305,11
DA:306,12
DA:313,4
DA:314,16
DA:316,3
DA:317,6
DA:319,4
DA:325,16
DA:326,1
DA:328,20
DA:330,12
DA:331,8
DA:332,4
DA:334,12
DA:335,8
DA:337,4
DA:346,4
DA:349,3
DA:350,9
DA:351,6
DA:355,0
DA:358,3
DA:359,6
DA:360,6
DA:364,0
LF:142
LH:131
end_of_record
SF:/Users/kaiquefarias/Documents/projects/eLivre/lib/features/mobi/utils/fonts.dart
DA:8,3
DA:23,3
DA:24,6
DA:25,24
DA:26,0
DA:28,3
DA:29,3
DA:30,3
DA:31,3
DA:32,3
DA:33,3
DA:35,6
DA:36,0
DA:39,3
DA:41,18
DA:42,6
DA:43,3
DA:45,6
DA:46,6
DA:47,12
DA:52,6
DA:54,3
DA:56,0
DA:58,6
DA:59,0
DA:63,6
DA:64,3
DA:67,3
DA:68,3
DA:69,3
DA:71,3
DA:76,3
DA:79,3
DA:80,9
DA:81,6
DA:82,9
DA:87,3
DA:88,9
DA:89,9
DA:90,9
LF:40
LH:36
end_of_record
SF:/Users/kaiquefarias/Documents/projects/eLivre/lib/features/mobi/reader/mobi8_reader.dart
DA:19,3
DA:28,3
DA:53,3
DA:69,3
DA:113,3
DA:149,3
DA:150,6
DA:151,6
DA:152,6
DA:153,3
DA:154,3
DA:155,3
DA:158,3
DA:159,3
DA:160,3
DA:161,3
DA:162,3
DA:165,18
DA:167,18
DA:169,3
DA:170,15
DA:173,3
DA:174,9
DA:175,9
DA:176,3
DA:179,3
DA:180,3
DA:181,3
DA:182,3
DA:183,6
DA:184,3
DA:185,9
DA:186,12
DA:189,3
DA:192,9
DA:193,9
DA:195,6
DA:196,3
DA:197,3
DA:198,6
DA:199,9
DA:200,12
DA:201,6
DA:202,9
DA:204,3
DA:208,9
DA:209,9
DA:210,6
DA:211,3
DA:212,3
DA:213,6
DA:214,3
DA:215,3
DA:216,9
DA:217,6
DA:218,6
DA:219,9
DA:226,3
DA:227,12
DA:229,3
DA:230,6
DA:231,0
DA:232,3
DA:233,3
DA:234,3
DA:235,3
DA:236,3
DA:238,9
DA:242,3
DA:245,6
DA:246,6
DA:247,3
DA:248,6
DA:249,9
DA:251,15
DA:252,6
DA:253,9
DA:254,6
DA:255,3
DA:257,6
DA:258,3
DA:259,6
DA:260,3
DA:261,0
DA:262,3
DA:263,3
DA:265,0
DA:266,0
DA:268,0
DA:270,0
DA:274,6
DA:275,3
DA:276,6
DA:277,3
DA:278,6
DA:279,3
DA:281,3
DA:284,3
DA:285,6
DA:289,3
DA:290,3
DA:291,3
DA:293,6
DA:294,3
DA:297,3
DA:298,6
DA:299,6
DA:300,6
DA:301,3
DA:304,0
DA:305,0
DA:310,0
DA:311,0
DA:312,0
DA:313,0
DA:314,0
DA:315,0
DA:316,0
DA:317,0
DA:320,0
DA:325,3
DA:326,6
DA:327,0
DA:328,3
DA:329,9
DA:330,3
DA:331,3
DA:332,3
DA:334,9
DA:336,3
DA:337,6
DA:339,6
DA:341,0
DA:342,0
DA:344,0
DA:346,0
DA:348,3
DA:349,0
DA:350,0
DA:353,12
DA:358,3
DA:360,6
DA:361,15
DA:362,6
DA:363,6
DA:364,12
DA:370,6
DA:372,3
DA:373,3
DA:375,12
DA:377,6
DA:378,3
DA:379,3
DA:381,3
DA:385,3
DA:386,1
DA:388,1
DA:389,3
DA:391,1
DA:393,1
DA:395,5
DA:397,2
DA:398,1
DA:401,1
DA:407,3
DA:408,0
DA:410,3
DA:413,12
DA:415,6
DA:416,3
DA:419,3
DA:426,6
DA:431,3
DA:433,3
DA:434,6
DA:438,9
DA:441,6
DA:442,9
DA:446,9
DA:447,9
DA:448,9
DA:449,9
DA:452,3
DA:453,9
DA:454,3
DA:455,9
DA:458,3
DA:459,3
DA:460,6
DA:461,3
DA:462,6
DA:463,3
DA:464,3
DA:465,3
DA:467,3
DA:468,3
DA:472,0
DA:473,0
DA:474,0
DA:475,0
DA:477,0
DA:484,9
DA:485,9
DA:486,6
DA:489,3
DA:492,9
DA:493,6
DA:494,3
DA:495,3
DA:500,3
DA:501,3
DA:502,3
DA:503,3
DA:504,6
DA:505,6
DA:507,6
DA:508,3
DA:509,6
DA:510,9
DA:512,3
DA:513,3
DA:517,0
DA:518,0
DA:520,0
DA:521,0
DA:525,3
DA:530,3
DA:531,6
DA:532,12
DA:533,3
DA:539,3
DA:540,12
DA:543,12
DA:544,3
DA:548,3
DA:551,3
DA:552,9
DA:553,3
DA:554,3
DA:555,3
DA:556,3
DA:557,6
DA:558,6
DA:564,9
DA:569,3
DA:570,6
DA:571,3
DA:572,0
DA:573,0
DA:574,0
DA:575,0
DA:581,3
DA:582,3
DA:583,3
DA:584,0
DA:585,0
DA:586,0
DA:587,0
DA:588,0
DA:593,3
DA:594,3
DA:595,3
DA:596,3
DA:597,3
DA:598,3
DA:599,0
DA:601,3
DA:602,3
DA:603,9
DA:605,3
DA:606,3
DA:607,0
DA:608,0
DA:609,0
DA:612,3
DA:619,3
DA:620,3
DA:623,3
DA:624,3
DA:625,3
DA:626,3
DA:627,6
DA:631,9
DA:635,3
DA:636,0
DA:638,12
DA:643,3
DA:644,3
DA:647,3
DA:648,3
DA:649,3
DA:650,3
DA:651,3
DA:652,3
DA:653,3
DA:654,6
DA:655,3
DA:661,3
DA:662,3
DA:663,0
DA:664,0
DA:665,0
DA:668,0
DA:669,0
DA:670,0
DA:671,0
DA:672,0
DA:680,3
DA:681,6
DA:682,3
DA:683,3
DA:684,3
DA:689,3
DA:690,3
DA:691,12
DA:694,9
DA:697,3
DA:698,6
DA:699,6
DA:706,3
DA:707,12
DA:708,6
DA:709,12
DA:712,9
DA:715,6
DA:716,6
DA:717,3
DA:718,3
DA:719,3
DA:720,3
DA:722,6
DA:723,0
DA:727,3
DA:728,3
DA:729,6
DA:730,3
DA:731,6
DA:732,9
DA:733,6
DA:735,0
DA:737,6
DA:739,0
DA:741,6
DA:743,9
DA:744,3
DA:757,9
DA:761,0
DA:765,9
DA:769,0
DA:773,9
DA:778,9
DA:782,9
DA:786,9
DA:790,9
DA:791,9
DA:795,9
DA:799,9
DA:803,9
DA:807,9
DA:808,9
DA:809,0
DA:813,9
DA:814,9
DA:815,9
DA:817,3
DA:818,9
DA:819,9
DA:820,9
DA:829,3
DA:833,3
DA:834,3
DA:835,3
DA:838,3
DA:839,6
DA:840,3
DA:841,9
DA:842,3
DA:844,6
DA:848,3
DA:849,9
DA:850,3
DA:852,3
DA:854,0
DA:857,6
DA:859,9
DA:863,3
DA:864,6
DA:865,3
DA:866,6
DA:868,12
DA:870,3
DA:872,3
DA:877,3
DA:883,9
DA:884,6
DA:887,9
DA:888,6
DA:891,24
DA:894,3
DA:895,9
DA:896,0
DA:898,9
DA:901,3
DA:902,9
DA:903,0
DA:905,9
DA:908,3
DA:910,6
DA:911,6
DA:912,6
DA:913,3
DA:915,6
DA:922,3
DA:923,3
DA:924,3
DA:925,9
DA:926,6
DA:928,9
DA:929,15
DA:951,3
DA:952,9
DA:955,3
DA:956,3
DA:957,6
DA:958,3
DA:959,3
DA:960,6
DA:961,3
DA:962,3
DA:963,3
DA:964,3
DA:965,3
DA:966,3
DA:968,3
DA:969,6
DA:970,24
DA:972,3
DA:973,6
DA:974,0
DA:976,3
DA:977,12
DA:978,6
DA:980,0
DA:983,3
DA:984,9
DA:985,6
DA:987,0
LF:447
LH:379
end_of_record
SF:/Users/kaiquefarias/Documents/projects/eLivre/lib/features/mobi/reader/mobi_text.dart
DA:15,4
DA:22,12
DA:23,8
DA:27,8
DA:28,1
DA:29,1
DA:30,4
DA:31,1
DA:32,2
DA:34,1
DA:35,1
DA:36,8
DA:38,2
DA:39,1
DA:41,1
DA:42,2
DA:46,4
DA:47,8
DA:48,12
DA:49,8
DA:51,4
DA:53,20
DA:54,3
DA:59,8
DA:60,4
DA:62,12
DA:63,4
DA:64,6
DA:68,2
DA:69,1
DA:71,8
DA:72,4
LF:32
LH:32
end_of_record
SF:/Users/kaiquefarias/Documents/projects/eLivre/lib/features/mobi/utils/containers.dart
DA:12,1
DA:14,6
DA:15,4
DA:16,1
DA:17,1
DA:19,6
DA:20,1
DA:21,2
DA:22,1
DA:23,1
DA:24,1
DA:27,1
DA:28,1
DA:31,0
DA:34,1
DA:47,1
DA:48,2
DA:49,1
DA:50,2
DA:53,1
DA:54,1
DA:59,1
DA:61,2
DA:64,3
DA:65,4
LF:25
LH:24
end_of_record
SF:/Users/kaiquefarias/Documents/projects/eLivre/lib/features/mobi/utils/trailing_bytes.dart
DA:9,4
DA:14,4
DA:15,4
DA:16,4
DA:17,8
DA:18,8
DA:22,4
DA:24,4
DA:26,8
DA:27,8
DA:28,12
DA:29,0
DA:31,16
DA:34,12
DA:37,12
DA:40,4
DA:44,4
DA:45,8
DA:46,12
DA:47,4
DA:48,4
DA:49,8
LF:22
LH:21
end_of_record
SF:/Users/kaiquefarias/Documents/projects/eLivre/lib/features/mobi/utils/langcodes.dart
DA:26,1
DA:27,1
DA:28,2
DA:29,1
DA:30,1
DA:33,1
DA:36,2
DA:39,1
LF:8
LH:8
end_of_record
